<?xml version="1.0" encoding="UTF-8"?>
<!-- Generated by org.testng.reporters.JUnitReportReporter -->
<testsuite hostname="DELL" failures="0" tests="1" name="Assert_Verify.assert_Equals_Method" time="0.025" errors="0" timestamp="2022-09-21T13:10:10 IST" skipped="0">
  <testcase classname="Assert_Verify.assert_Equals_Method" name="TC1" time="0.025"/>
  <system-out>
    <![CDATA[Running test]]>
  </system-out>
</testsuite> <!-- Assert_Verify.assert_Equals_Method -->
