<?xml version="1.0" encoding="UTF-8"?>
<!-- Generated by org.testng.reporters.JUnitReportReporter -->
<testsuite hostname="DELL" failures="0" tests="2" name="Multibrowsing_Testing.MultiBrowsing" time="102.603" errors="0" timestamp="2022-09-09T17:18:28 IST" skipped="0">
  <testcase classname="Multibrowsing_Testing.MultiBrowsing" name="TC" time="21.225"/>
  <system-out/>
  <testcase classname="Multibrowsing_Testing.MultiBrowsing" name="TC" time="81.378"/>
  <system-out/>
</testsuite> <!-- Multibrowsing_Testing.MultiBrowsing -->
