<?xml version="1.0" encoding="UTF-8"?>
<!-- Generated by org.testng.reporters.JUnitReportReporter -->
<testsuite hostname="DELL" failures="0" tests="1" name="Parrallel_Testing.parallel1" time="67.334" errors="0" timestamp="2022-09-09T17:10:30 IST" skipped="0">
  <testcase classname="Parrallel_Testing.parallel1" name="TC1" time="67.334"/>
  <system-out/>
</testsuite> <!-- Parrallel_Testing.parallel1 -->
