<?xml version="1.0" encoding="UTF-8"?>
<!-- Generated by org.testng.reporters.JUnitReportReporter -->
<testsuite hostname="DELL" failures="0" tests="1" name="POM_With_DDF_Using_TestNG.KiteZirothaTestT" time="8.777" errors="0" timestamp="2022-09-01T19:11:15 IST" skipped="0">
  <testcase classname="POM_With_DDF_Using_TestNG.KiteZirothaTestT" name="varifyUserId" time="8.777"/>
  <system-out>
    <![CDATA[Running verify user ID]]>
  </system-out>
</testsuite> <!-- POM_With_DDF_Using_TestNG.KiteZirothaTestT -->
