<?xml version="1.0" encoding="UTF-8"?>
<!-- Generated by org.testng.reporters.JUnitReportReporter -->
<testsuite hostname="DELL" failures="0" tests="3" name="TestNG_Program.TestNG_Class1" time="0.023" errors="0" timestamp="2022-08-26T14:07:26 IST" skipped="0">
  <testcase classname="TestNG_Program.TestNG_Class1" name="Tc1" time="0.019"/>
  <system-out>
    <![CDATA[Hi I am running From TC1]]>
  </system-out>
  <testcase classname="TestNG_Program.TestNG_Class1" name="Tc2" time="0.002"/>
  <system-out>
    <![CDATA[Hi I am running From TC2]]>
  </system-out>
  <testcase classname="TestNG_Program.TestNG_Class1" name="Tc3" time="0.002"/>
  <system-out>
    <![CDATA[Hi I am running From TC3]]>
  </system-out>
</testsuite> <!-- TestNG_Program.TestNG_Class1 -->
