<?xml version="1.0" encoding="UTF-8"?>
<!-- Generated by org.testng.reporters.JUnitReportReporter -->
<testsuite hostname="DELL" failures="0" tests="1" name="Assert_Verify.assert_notEquals_Method" time="0.023" errors="0" timestamp="2022-09-01T11:05:34 IST" skipped="0">
  <testcase classname="Assert_Verify.assert_notEquals_Method" name="test" time="0.023"/>
  <system-out>
    <![CDATA[Rinning Test]]>
  </system-out>
</testsuite> <!-- Assert_Verify.assert_notEquals_Method -->
