<?xml version="1.0" encoding="UTF-8"?>
<!-- Generated by org.testng.reporters.JUnitReportReporter -->
<testsuite hostname="DELL" failures="0" tests="2" name="Multibrowsing_Testing.MultiBrowsing" time="54.786" errors="0" timestamp="2022-08-30T13:45:38 IST" skipped="0">
  <testcase classname="Multibrowsing_Testing.MultiBrowsing" name="TC" time="36.898"/>
  <system-out/>
  <testcase classname="Multibrowsing_Testing.MultiBrowsing" name="TC" time="17.888"/>
  <system-out/>
</testsuite> <!-- Multibrowsing_Testing.MultiBrowsing -->
