<?xml version="1.0" encoding="UTF-8"?>
<!-- Generated by org.testng.reporters.JUnitReportReporter -->
<testsuite hostname="DELL" failures="0" tests="1" name="Assert_Verify.assert_True_Method" time="0.034" errors="0" timestamp="2022-09-01T11:18:51 IST" skipped="0">
  <testcase classname="Assert_Verify.assert_True_Method" name="test" time="0.034"/>
  <system-out/>
</testsuite> <!-- Assert_Verify.assert_True_Method -->
