<?xml version="1.0" encoding="UTF-8"?>
<!-- Generated by org.testng.reporters.JUnitReportReporter -->
<testsuite hostname="DELL" failures="0" tests="1" name="Parrallel_Testing.parallel2" time="61.517" errors="0" timestamp="2022-08-30T10:28:19 IST" skipped="0">
  <testcase classname="Parrallel_Testing.parallel2" name="TC2" time="61.517"/>
  <system-out/>
</testsuite> <!-- Parrallel_Testing.parallel2 -->
