<?xml version="1.0" encoding="UTF-8"?>
<!-- Generated by org.testng.reporters.JUnitReportReporter -->
<testsuite hostname="DELL" failures="0" tests="1" name="Parrallel_Testing.parallel3" time="58.381" errors="0" timestamp="2022-08-30T10:28:19 IST" skipped="0">
  <testcase classname="Parrallel_Testing.parallel3" name="TC3" time="58.381"/>
  <system-out/>
</testsuite> <!-- Parrallel_Testing.parallel3 -->
