<?xml version="1.0" encoding="UTF-8"?>
<!-- Generated by org.testng.reporters.JUnitReportReporter -->
<testsuite hostname="DELL" failures="0" tests="3" name="Batch_Execution_Testing.A" time="0.027" errors="0" timestamp="2022-08-29T15:39:17 IST" skipped="0">
  <testcase classname="Batch_Execution_Testing.A" name="tc2" time="0.004"/>
  <system-out>
    <![CDATA[Running tc2]]>
  </system-out>
  <testcase classname="Batch_Execution_Testing.A" name="tc1" time="0.020"/>
  <system-out>
    <![CDATA[Running tc1]]>
  </system-out>
  <testcase classname="Batch_Execution_Testing.A" name="tc3" time="0.003"/>
  <system-out>
    <![CDATA[Running tc3]]>
  </system-out>
</testsuite> <!-- Batch_Execution_Testing.A -->
