<?xml version="1.0" encoding="UTF-8"?>
<!-- Generated by org.testng.reporters.JUnitReportReporter -->
<testsuite hostname="DELL" failures="0" tests="3" name="Batch_Execution_Testing.B" time="0.008" errors="0" timestamp="2022-08-29T15:39:17 IST" skipped="0">
  <testcase classname="Batch_Execution_Testing.B" name="tc4" time="0.002"/>
  <system-out>
    <![CDATA[Running tc4]]>
  </system-out>
  <testcase classname="Batch_Execution_Testing.B" name="tc6" time="0.002"/>
  <system-out>
    <![CDATA[Running tc6]]>
  </system-out>
  <testcase classname="Batch_Execution_Testing.B" name="tc5" time="0.004"/>
  <system-out>
    <![CDATA[Running tc5]]>
  </system-out>
</testsuite> <!-- Batch_Execution_Testing.B -->
