<?xml version="1.0" encoding="UTF-8"?>
<!-- Generated by org.testng.reporters.JUnitReportReporter -->
<testsuite hostname="DELL" failures="0" tests="3" name="Batch_Execution_Testing.C" time="0.025" errors="0" timestamp="2022-08-29T15:39:17 IST" skipped="0">
  <testcase classname="Batch_Execution_Testing.C" name="tc8" time="0.003"/>
  <system-out>
    <![CDATA[Running tc8]]>
  </system-out>
  <testcase classname="Batch_Execution_Testing.C" name="tc7" time="0.016"/>
  <system-out>
    <![CDATA[Running tc7]]>
  </system-out>
  <testcase classname="Batch_Execution_Testing.C" name="tc9" time="0.006"/>
  <system-out>
    <![CDATA[Running tc9]]>
  </system-out>
</testsuite> <!-- Batch_Execution_Testing.C -->
