<?xml version="1.0" encoding="UTF-8"?>
<!-- Generated by org.testng.reporters.JUnitReportReporter -->
<testsuite hostname="DELL" failures="0" tests="6" name="Grouping_in_TestNG.Grouping" time="0.067" errors="0" timestamp="2022-11-17T12:32:11 IST" skipped="0">
  <testcase classname="Grouping_in_TestNG.Grouping" name="enetrPassword" time="0.003"/>
  <system-out>
    <![CDATA[Running login test case 2]]>
  </system-out>
  <testcase classname="Grouping_in_TestNG.Grouping" name="verifyLogo" time="0.011"/>
  <system-out>
    <![CDATA[running UI test case 2]]>
  </system-out>
  <testcase classname="Grouping_in_TestNG.Grouping" name="clickOnSubmitButton" time="0.004"/>
  <system-out>
    <![CDATA[Running login test case 3]]>
  </system-out>
  <testcase classname="Grouping_in_TestNG.Grouping" name="enterUserName" time="0.003"/>
  <system-out>
    <![CDATA[Running login test case1]]>
  </system-out>
  <testcase classname="Grouping_in_TestNG.Grouping" name="verifyTitle" time="0.005"/>
  <system-out>
    <![CDATA[Running UI test case 3]]>
  </system-out>
  <testcase classname="Grouping_in_TestNG.Grouping" name="checkingSpelling" time="0.041"/>
  <system-out>
    <![CDATA[running UI test case 1]]>
  </system-out>
</testsuite> <!-- Grouping_in_TestNG.Grouping -->
