<?xml version="1.0" encoding="UTF-8"?>
<!-- Generated by org.testng.reporters.JUnitReportReporter -->
<testsuite hostname="DELL" failures="0" tests="2" name="Exception_in_TestNG.Handle_Exception" time="0.214" errors="0" timestamp="2022-11-17T12:31:01 IST" skipped="0">
  <testcase classname="Exception_in_TestNG.Handle_Exception" name="test2" time="0.024"/>
  <system-out/>
  <testcase classname="Exception_in_TestNG.Handle_Exception" name="test1" time="0.190"/>
  <system-out/>
</testsuite> <!-- Exception_in_TestNG.Handle_Exception -->
