<?xml version="1.0" encoding="UTF-8"?>
<!-- Generated by org.testng.reporters.JUnitReportReporter -->
<testsuite hostname="DELL" failures="0" tests="3" name="BatchExecution_DisableTC.Disable_tc_using_class" time="0.023" errors="0" timestamp="2022-08-29T15:40:53 IST" skipped="1">
  <testcase classname="BatchExecution_DisableTC.Disable_tc_using_class" name="TC1" time="0.020"/>
  <system-out>
    <![CDATA[Running TC1]]>
  </system-out>
  <testcase classname="BatchExecution_DisableTC.Disable_tc_using_class" name="TC2" time="0.003"/>
  <system-out>
    <![CDATA[Running TC2]]>
  </system-out>
  <testcase classname="BatchExecution_DisableTC.Disable_tc_using_class" name="TC3">
    <skipped/>
  </testcase> <!-- TC3 -->
  <system-out/>
</testsuite> <!-- BatchExecution_DisableTC.Disable_tc_using_class -->
