<?xml version="1.0" encoding="UTF-8"?>
<!-- Generated by org.testng.reporters.JUnitReportReporter -->
<testsuite hostname="DELL" failures="0" tests="2" name="BatchExecution_Using_Suit.Disable_TC_using_suite" time="0.033" errors="0" timestamp="2022-08-29T15:45:06 IST" skipped="0">
  <testcase classname="BatchExecution_Using_Suit.Disable_TC_using_suite" name="TC1" time="0.026"/>
  <system-out>
    <![CDATA[Running TC1]]>
  </system-out>
  <testcase classname="BatchExecution_Using_Suit.Disable_TC_using_suite" name="TC2" time="0.007"/>
  <system-out>
    <![CDATA[Running TC2]]>
  </system-out>
</testsuite> <!-- BatchExecution_Using_Suit.Disable_TC_using_suite -->
