<?xml version="1.0" encoding="UTF-8"?>
<!-- Generated by org.testng.reporters.JUnitReportReporter -->
<testsuite hostname="DELL" failures="0" tests="2" name="Multibrowsing_Testing.MultiBrowsing_Testing1" time="203.005" errors="0" timestamp="2022-09-23T17:28:19 IST" skipped="0">
  <testcase classname="Multibrowsing_Testing.MultiBrowsing_Testing1" name="TC" time="49.241"/>
  <system-out/>
  <testcase classname="Multibrowsing_Testing.MultiBrowsing_Testing1" name="TC" time="153.764"/>
  <system-out/>
</testsuite> <!-- Multibrowsing_Testing.MultiBrowsing_Testing1 -->
