<?xml version="1.0" encoding="UTF-8"?>
<!-- Generated by org.testng.reporters.JUnitReportReporter -->
<testsuite hostname="DELL" failures="0" tests="1" name="POM_with_DDF_TESTNG2.Actitime_TestT" time="8.672" errors="0" timestamp="2022-10-12T11:38:04 IST" skipped="0">
  <testcase classname="POM_with_DDF_TESTNG2.Actitime_TestT" name="verifyuserId" time="8.672"/>
  <system-out>
    <![CDATA[Running verify userText]]>
  </system-out>
</testsuite> <!-- POM_with_DDF_TESTNG2.Actitime_TestT -->
